0 [main] INFO org.zaproxy.zap.GuiBootstrap  - OWASP ZAP 2.6.0 started 08/11/17 16:51:59
63 [AWT-EventQueue-0] INFO org.parosproxy.paros.network.SSLConnector  - Reading supported SSL/TLS protocols...
63 [AWT-EventQueue-0] INFO org.parosproxy.paros.network.SSLConnector  - Using a SSLEngine...
107 [AWT-EventQueue-0] INFO org.parosproxy.paros.network.SSLConnector  - Done reading supported SSL/TLS protocols: [SSLv2Hello, SSLv3, TLSv1, TLSv1.1, TLSv1.2]
110 [AWT-EventQueue-0] INFO org.parosproxy.paros.extension.option.OptionsParamCertificate  - Unsafe SSL renegotiation enabled.
315 [AWT-EventQueue-0] INFO hsqldb.db..ENGINE  - open start - state not modified
451 [AWT-EventQueue-0] INFO hsqldb.db..ENGINE  - dataFileCache open start
477 [AWT-EventQueue-0] INFO hsqldb.db..ENGINE  - dataFileCache open end
644 [AWT-EventQueue-0] INFO org.parosproxy.paros.view.View  - Initialising View
1763 [ZAP-BootstrapGUI] INFO org.zaproxy.zap.control.ExtensionFactory  - Loading extensions
2776 [ZAP-BootstrapGUI] INFO org.zaproxy.zap.control.ExtensionFactory  - Installed add-ons: [[id=alertFilters, fileVersion=4], [id=ascanrules, fileVersion=26], [id=bruteforce, fileVersion=6], [id=coreLang, fileVersion=11], [id=diff, fileVersion=7], [id=directorylistv1, fileVersion=3], [id=fuzz, fileVersion=8, version=2.0.1], [id=gettingStarted, fileVersion=6], [id=help, fileVersion=7], [id=onlineMenu, fileVersion=5], [id=pscanrules, fileVersion=19], [id=reveal, fileVersion=2], [id=saverawmessage, fileVersion=3], [id=tips, fileVersion=6], [id=websocket, fileVersion=12], [id=accessControl, fileVersion=2], [id=alertReport, fileVersion=14], [id=amf, fileVersion=2], [id=ascanrulesAlpha, fileVersion=19], [id=ascanrulesBeta, fileVersion=21], [id=authstats, fileVersion=1], [id=beanshell, fileVersion=5], [id=browserView, fileVersion=5], [id=bugtracker, fileVersion=2], [id=callgraph, fileVersion=3], [id=cmss, fileVersion=1], [id=codedx, fileVersion=5], [id=communityScripts, fileVersion=4], [id=cspscanner, fileVersion=4], [id=customreport, fileVersion=2], [id=directorylistv2_3, fileVersion=3], [id=directorylistv2_3_lc, fileVersion=3], [id=domxss, fileVersion=4], [id=exportreport, fileVersion=4], [id=formhandler, fileVersion=1], [id=fuzzdb, fileVersion=4], [id=help_bs_BA, fileVersion=5], [id=help_es_ES, fileVersion=5], [id=help_fr_FR, fileVersion=5], [id=help_ja_JP, fileVersion=5], [id=help_pt_BR, fileVersion=6], [id=highlighter, fileVersion=6], [id=httpsInfo, fileVersion=9], [id=importLogFiles, fileVersion=4], [id=importurls, fileVersion=3], [id=invoke, fileVersion=7], [id=jruby, fileVersion=5], [id=jxbrowser, fileVersion=6], [id=jxbrowserlinux32, fileVersion=3], [id=jxbrowserlinux64, fileVersion=3], [id=jxbrowsermacos, fileVersion=3], [id=jxbrowserwindows, fileVersion=3], [id=jython, fileVersion=7], [id=openapi, fileVersion=7], [id=plugnhack, fileVersion=10], [id=portscan, fileVersion=7], [id=pscanrulesAlpha, fileVersion=16], [id=pscanrulesBeta, fileVersion=16], [id=quickstart, fileVersion=21], [id=replacer, fileVersion=3], [id=requester, fileVersion=1], [id=revisit, fileVersion=2], [id=saml, fileVersion=6], [id=scripts, fileVersion=20], [id=selenium, fileVersion=11, version=2.0.0], [id=sequence, fileVersion=4], [id=sniTerminator, fileVersion=4], [id=soap, fileVersion=3], [id=spiderAjax, fileVersion=18], [id=sqliplugin, fileVersion=11], [id=sse, fileVersion=9], [id=svndigger, fileVersion=3], [id=tlsdebug, fileVersion=1], [id=tokengen, fileVersion=10], [id=treetools, fileVersion=6], [id=viewstate, fileVersion=1], [id=wappalyzer, fileVersion=8], [id=webdriverlinux, fileVersion=3], [id=webdrivermacos, fileVersion=3], [id=webdriverwindows, fileVersion=3], [id=zest, fileVersion=25]]
3640 [ZAP-BootstrapGUI] INFO org.zaproxy.zap.control.ExtensionFactory  - Extensions loaded
3860 [ZAP-BootstrapGUI] INFO org.parosproxy.paros.extension.filter.FilterFactory  - loaded filter Change user agent to other browsers. 
3860 [ZAP-BootstrapGUI] INFO org.parosproxy.paros.extension.filter.FilterFactory  - loaded filter Detect insecure or potentially malicious content in HTTP responses.
3860 [ZAP-BootstrapGUI] INFO org.parosproxy.paros.extension.filter.FilterFactory  - loaded filter Detect and alert 'Set-cookie' attempt in HTTP response for modification.
3860 [ZAP-BootstrapGUI] INFO org.parosproxy.paros.extension.filter.FilterFactory  - loaded filter Avoid browser cache (strip off IfModifiedSince)
3861 [ZAP-BootstrapGUI] INFO org.parosproxy.paros.extension.filter.FilterFactory  - loaded filter Log cookies sent by browser.
3861 [ZAP-BootstrapGUI] INFO org.parosproxy.paros.extension.filter.FilterFactory  - loaded filter Log unique GET queries into file:filter\get.xls
3862 [ZAP-BootstrapGUI] INFO org.parosproxy.paros.extension.filter.FilterFactory  - loaded filter Log unique POST queries into file:  filter\post.xls
3862 [ZAP-BootstrapGUI] INFO org.parosproxy.paros.extension.filter.FilterFactory  - loaded filter Log request and response into file: filter\message.txt
3862 [ZAP-BootstrapGUI] INFO org.parosproxy.paros.extension.filter.FilterFactory  - loaded filter Replace HTTP request body using defined pattern.
3864 [ZAP-BootstrapGUI] INFO org.parosproxy.paros.extension.filter.FilterFactory  - loaded filter Replace HTTP request header using defined pattern.
3864 [ZAP-BootstrapGUI] INFO org.parosproxy.paros.extension.filter.FilterFactory  - loaded filter Replace HTTP response body using defined pattern.
3864 [ZAP-BootstrapGUI] INFO org.parosproxy.paros.extension.filter.FilterFactory  - loaded filter Replace HTTP response header using defined pattern.
3864 [ZAP-BootstrapGUI] INFO org.parosproxy.paros.extension.filter.FilterFactory  - loaded filter Send ZAP session request ID
4344 [ZAP-BootstrapGUI] INFO org.parosproxy.paros.extension.ExtensionLoader  - Initializing Allows ZAP to check for updates
4386 [ZAP-BootstrapGUI] INFO org.parosproxy.paros.extension.ExtensionLoader  - Initializing ExtensionViewOption
4563 [ZAP-BootstrapGUI] INFO org.parosproxy.paros.extension.ExtensionLoader  - Initializing ExtensionEdit
4568 [ZAP-BootstrapGUI] INFO org.parosproxy.paros.extension.ExtensionLoader  - Initializing ExtensionFilter
4574 [ZAP-BootstrapGUI] INFO org.parosproxy.paros.extension.ExtensionLoader  - Initializing Provides a rest based API for controlling and accessing ZAP
4626 [ZAP-BootstrapGUI] INFO org.parosproxy.paros.extension.ExtensionLoader  - Initializing ExtensionState
4632 [ZAP-BootstrapGUI] INFO org.parosproxy.paros.extension.ExtensionLoader  - Initializing ExtensionReport
4637 [ZAP-BootstrapGUI] INFO org.parosproxy.paros.extension.ExtensionLoader  - Initializing ExtensionHistory
4716 [ZAP-BootstrapGUI] INFO org.parosproxy.paros.extension.ExtensionLoader  - Initializing Show hidden fields and enable disabled fields
4722 [ZAP-BootstrapGUI] INFO org.parosproxy.paros.extension.ExtensionLoader  - Initializing Search messages for strings and regular expressions 
4754 [ZAP-BootstrapGUI] INFO org.parosproxy.paros.extension.ExtensionLoader  - Initializing Encode/Decode/Hash...
4760 [ZAP-BootstrapGUI] INFO org.parosproxy.paros.extension.ExtensionLoader  - Initializing Allows you to intercept and modify requests and responses
4833 [ZAP-BootstrapGUI] INFO org.parosproxy.paros.extension.ExtensionLoader  - Initializing ASP/JSF ViewState Decoder and Editor
4853 [ZAP-BootstrapGUI] INFO org.parosproxy.paros.extension.ExtensionLoader  - Initializing Passive scanner
4897 [ZAP-BootstrapGUI] INFO org.zaproxy.zap.extension.pscan.ExtensionPassiveScan  - loaded passive scan rule: Script Passive Scan Rules
4898 [ZAP-BootstrapGUI] INFO org.zaproxy.zap.extension.pscan.ExtensionPassiveScan  - loaded passive scan rule: Stats Passive Scan Rule
4898 [ZAP-BootstrapGUI] INFO org.zaproxy.zap.extension.pscan.ExtensionPassiveScan  - loaded passive scan rule: Application Error Disclosure
4898 [ZAP-BootstrapGUI] INFO org.zaproxy.zap.extension.pscan.ExtensionPassiveScan  - loaded passive scan rule: Incomplete or No Cache-control and Pragma HTTP Header Set
4898 [ZAP-BootstrapGUI] INFO org.zaproxy.zap.extension.pscan.ExtensionPassiveScan  - loaded passive scan rule: Content-Type Header Missing
4899 [ZAP-BootstrapGUI] INFO org.zaproxy.zap.extension.pscan.ExtensionPassiveScan  - loaded passive scan rule: Cookie No HttpOnly Flag
4899 [ZAP-BootstrapGUI] INFO org.zaproxy.zap.extension.pscan.ExtensionPassiveScan  - loaded passive scan rule: Cookie Without Secure Flag
4900 [ZAP-BootstrapGUI] INFO org.zaproxy.zap.extension.pscan.ExtensionPassiveScan  - loaded passive scan rule: Cross-Domain JavaScript Source File Inclusion
4900 [ZAP-BootstrapGUI] INFO org.zaproxy.zap.extension.pscan.ExtensionPassiveScan  - loaded passive scan rule: Web Browser XSS Protection Not Enabled
4901 [ZAP-BootstrapGUI] INFO org.zaproxy.zap.extension.pscan.ExtensionPassiveScan  - loaded passive scan rule: Secure Pages Include Mixed Content
4901 [ZAP-BootstrapGUI] INFO org.zaproxy.zap.extension.pscan.ExtensionPassiveScan  - loaded passive scan rule: Password Autocomplete in Browser
4901 [ZAP-BootstrapGUI] INFO org.zaproxy.zap.extension.pscan.ExtensionPassiveScan  - loaded passive scan rule: Private IP Disclosure
4902 [ZAP-BootstrapGUI] INFO org.zaproxy.zap.extension.pscan.ExtensionPassiveScan  - loaded passive scan rule: Session ID in URL Rewrite
4902 [ZAP-BootstrapGUI] INFO org.zaproxy.zap.extension.pscan.ExtensionPassiveScan  - loaded passive scan rule: X-Content-Type-Options Header Missing
4903 [ZAP-BootstrapGUI] INFO org.zaproxy.zap.extension.pscan.ExtensionPassiveScan  - loaded passive scan rule: X-Frame-Options Header Scanner
4903 [ZAP-BootstrapGUI] INFO org.zaproxy.zap.extension.pscan.ExtensionPassiveScan  - loaded passive scan rule: CSP Scanner
4904 [ZAP-BootstrapGUI] INFO org.zaproxy.zap.extension.pscan.ExtensionPassiveScan  - loaded passive scan rule: Base64 Disclosure
4904 [ZAP-BootstrapGUI] INFO org.zaproxy.zap.extension.pscan.ExtensionPassiveScan  - loaded passive scan rule: Big Redirect Detected (Potential Sensitive Information Leak)
4904 [ZAP-BootstrapGUI] INFO org.zaproxy.zap.extension.pscan.ExtensionPassiveScan  - loaded passive scan rule: Content Cacheability
4905 [ZAP-BootstrapGUI] INFO org.zaproxy.zap.extension.pscan.ExtensionPassiveScan  - loaded passive scan rule: Cookie Without SameSite Attribute
4905 [ZAP-BootstrapGUI] INFO org.zaproxy.zap.extension.pscan.ExtensionPassiveScan  - loaded passive scan rule: Content Security Policy (CSP) Header Not Set
4905 [ZAP-BootstrapGUI] INFO org.zaproxy.zap.extension.pscan.ExtensionPassiveScan  - loaded passive scan rule: Cross-Domain Misconfiguration
4906 [ZAP-BootstrapGUI] INFO org.zaproxy.zap.extension.pscan.ExtensionPassiveScan  - loaded passive scan rule: Directory Browsing
4906 [ZAP-BootstrapGUI] INFO org.zaproxy.zap.extension.pscan.ExtensionPassiveScan  - loaded passive scan rule: An example passive scan rule which loads data from a file
4907 [ZAP-BootstrapGUI] INFO org.zaproxy.zap.extension.pscan.ExtensionPassiveScan  - loaded passive scan rule: Example Passive Scanner: Denial of Service
4907 [ZAP-BootstrapGUI] INFO org.zaproxy.zap.extension.pscan.ExtensionPassiveScan  - loaded passive scan rule: Hash Disclosure
4907 [ZAP-BootstrapGUI] INFO org.zaproxy.zap.extension.pscan.ExtensionPassiveScan  - loaded passive scan rule: Heartbleed OpenSSL Vulnerability (Indicative)
4908 [ZAP-BootstrapGUI] INFO org.zaproxy.zap.extension.pscan.ExtensionPassiveScan  - loaded passive scan rule: Image Location and Privacy Scanner
4908 [ZAP-BootstrapGUI] INFO org.zaproxy.zap.extension.pscan.ExtensionPassiveScan  - loaded passive scan rule: Insecure Component
4908 [ZAP-BootstrapGUI] INFO org.zaproxy.zap.extension.pscan.ExtensionPassiveScan  - loaded passive scan rule: HTTP to HTTPS Insecure Transition in Form Post
4909 [ZAP-BootstrapGUI] INFO org.zaproxy.zap.extension.pscan.ExtensionPassiveScan  - loaded passive scan rule: HTTPS to HTTP Insecure Transition in Form Post
4909 [ZAP-BootstrapGUI] INFO org.zaproxy.zap.extension.pscan.ExtensionPassiveScan  - loaded passive scan rule: Retrieved from Cache
4909 [ZAP-BootstrapGUI] INFO org.zaproxy.zap.extension.pscan.ExtensionPassiveScan  - loaded passive scan rule: HTTP Server Response Header Scanner
4910 [ZAP-BootstrapGUI] INFO org.zaproxy.zap.extension.pscan.ExtensionPassiveScan  - loaded passive scan rule: Source Code Disclosure
4910 [ZAP-BootstrapGUI] INFO org.zaproxy.zap.extension.pscan.ExtensionPassiveScan  - loaded passive scan rule: Strict-Transport-Security Header Scanner
4910 [ZAP-BootstrapGUI] INFO org.zaproxy.zap.extension.pscan.ExtensionPassiveScan  - loaded passive scan rule: Timestamp Disclosure
4911 [ZAP-BootstrapGUI] INFO org.zaproxy.zap.extension.pscan.ExtensionPassiveScan  - loaded passive scan rule: User Controllable Charset
4911 [ZAP-BootstrapGUI] INFO org.zaproxy.zap.extension.pscan.ExtensionPassiveScan  - loaded passive scan rule: Cookie Poisoning
4911 [ZAP-BootstrapGUI] INFO org.zaproxy.zap.extension.pscan.ExtensionPassiveScan  - loaded passive scan rule: User Controllable HTML Element Attribute (Potential XSS)
4912 [ZAP-BootstrapGUI] INFO org.zaproxy.zap.extension.pscan.ExtensionPassiveScan  - loaded passive scan rule: User Controllable JavaScript Event (XSS)
4912 [ZAP-BootstrapGUI] INFO org.zaproxy.zap.extension.pscan.ExtensionPassiveScan  - loaded passive scan rule: Open Redirect
4913 [ZAP-BootstrapGUI] INFO org.zaproxy.zap.extension.pscan.ExtensionPassiveScan  - loaded passive scan rule: Username Hash Found
4913 [ZAP-BootstrapGUI] INFO org.zaproxy.zap.extension.pscan.ExtensionPassiveScan  - loaded passive scan rule: X-Backend-Server Header Information Leak
4913 [ZAP-BootstrapGUI] INFO org.zaproxy.zap.extension.pscan.ExtensionPassiveScan  - loaded passive scan rule: X-ChromeLogger-Data (XCOLD) Header Information Leak
4914 [ZAP-BootstrapGUI] INFO org.zaproxy.zap.extension.pscan.ExtensionPassiveScan  - loaded passive scan rule: X-Debug-Token Information Leak
4914 [ZAP-BootstrapGUI] INFO org.zaproxy.zap.extension.pscan.ExtensionPassiveScan  - loaded passive scan rule: Server Leaks Information via "X-Powered-By" HTTP Response Header Field(s)
4915 [ZAP-BootstrapGUI] INFO org.zaproxy.zap.extension.pscan.ExtensionPassiveScan  - loaded passive scan rule: Charset Mismatch
4916 [ZAP-BootstrapGUI] INFO org.zaproxy.zap.extension.pscan.ExtensionPassiveScan  - loaded passive scan rule: Loosely Scoped Cookie
4916 [ZAP-BootstrapGUI] INFO org.zaproxy.zap.extension.pscan.ExtensionPassiveScan  - loaded passive scan rule: Absence of Anti-CSRF Tokens
4916 [ZAP-BootstrapGUI] INFO org.zaproxy.zap.extension.pscan.ExtensionPassiveScan  - loaded passive scan rule: Information Disclosure - Debug Error Messages
4917 [ZAP-BootstrapGUI] INFO org.zaproxy.zap.extension.pscan.ExtensionPassiveScan  - loaded passive scan rule: Information Disclosure - Sensitive Informations in URL
4917 [ZAP-BootstrapGUI] INFO org.zaproxy.zap.extension.pscan.ExtensionPassiveScan  - loaded passive scan rule: Information Disclosure - Sensitive Information in HTTP Referrer Header
4918 [ZAP-BootstrapGUI] INFO org.zaproxy.zap.extension.pscan.ExtensionPassiveScan  - loaded passive scan rule: Information Disclosure - Suspicious Comments
4918 [ZAP-BootstrapGUI] INFO org.zaproxy.zap.extension.pscan.ExtensionPassiveScan  - loaded passive scan rule: Weak Authentication Method
4919 [ZAP-BootstrapGUI] INFO org.zaproxy.zap.extension.pscan.ExtensionPassiveScan  - loaded passive scan rule: Insecure JSF ViewState
4919 [ZAP-BootstrapGUI] INFO org.zaproxy.zap.extension.pscan.ExtensionPassiveScan  - loaded passive scan rule: HTTP Parameter Override
4920 [ZAP-BootstrapGUI] INFO org.zaproxy.zap.extension.pscan.ExtensionPassiveScan  - loaded passive scan rule: Viewstate Scanner
4921 [ZAP-BootstrapGUI] INFO org.zaproxy.zap.extension.pscan.ExtensionPassiveScan  - loaded passive scan rule: WSDL File Passive Scanner
4952 [ZAP-BootstrapGUI] INFO org.parosproxy.paros.extension.ExtensionLoader  - Initializing Allows you to view and manage alerts
4963 [ZAP-BootstrapGUI] INFO org.parosproxy.paros.extension.ExtensionLoader  - Initializing Active scanner, heavily based on the original Paros active scanner, but with additional tests added
5024 [ZAP-BootstrapGUI] INFO org.parosproxy.paros.extension.ExtensionLoader  - Initializing ExtensionSequence
5030 [ZAP-BootstrapGUI] INFO org.parosproxy.paros.extension.ExtensionLoader  - Initializing Spider used for automatically finding URIs on a site
5067 [ZAP-BootstrapGUI] INFO org.parosproxy.paros.extension.ExtensionLoader  - Initializing A set of common popup menus for miscellaneous tasks
5076 [ZAP-BootstrapGUI] INFO org.parosproxy.paros.extension.ExtensionLoader  - Initializing Forced browsing of files and directories using code from the OWASP DirBuster tool
5117 [ZAP-BootstrapGUI] INFO org.parosproxy.paros.extension.ExtensionLoader  - Initializing Simple but effective port scanner
5144 [ZAP-BootstrapGUI] INFO org.parosproxy.paros.extension.ExtensionLoader  - Initializing ExtensionManualRequest
5147 [ZAP-BootstrapGUI] INFO org.parosproxy.paros.extension.ExtensionLoader  - Initializing Beanshell integration
5149 [ZAP-BootstrapGUI] INFO org.parosproxy.paros.extension.ExtensionLoader  - Initializing Compares 2 sessions and generates an HTML file showing the differences
5151 [ZAP-BootstrapGUI] INFO org.parosproxy.paros.extension.ExtensionLoader  - Initializing Invoke external applications passing context related information such as URLs and parameters
5163 [ZAP-BootstrapGUI] INFO org.parosproxy.paros.extension.ExtensionLoader  - Initializing Handles anti cross site request forgery (CSRF) tokens
5175 [ZAP-BootstrapGUI] INFO org.parosproxy.paros.extension.ExtensionLoader  - Initializing ExtensionAuthentication
5184 [ZAP-BootstrapGUI] INFO org.zaproxy.zap.extension.authentication.ExtensionAuthentication  - Loaded authentication method types: [Form-based Authentication, HTTP/NTLM Authentication, Manual Authentication, Script-based Authentication]
5186 [ZAP-BootstrapGUI] INFO org.parosproxy.paros.extension.ExtensionLoader  - Initializing Creates a dynamic SSL certificate to allow SSL communications to be intercepted without warnings being generated by the browser
5205 [ZAP-BootstrapGUI] INFO org.parosproxy.paros.extension.ExtensionLoader  - Initializing Logs errors to the Output tab in development mode only
5207 [ZAP-BootstrapGUI] INFO org.parosproxy.paros.extension.ExtensionLoader  - Initializing ExtensionUserManagement
5209 [ZAP-BootstrapGUI] INFO org.parosproxy.paros.extension.ExtensionLoader  - Initializing Summarise and analyse FORM and URL parameters as well as cookies
5225 [ZAP-BootstrapGUI] INFO org.parosproxy.paros.extension.ExtensionLoader  - Initializing Script integration
5238 [ZAP-BootstrapGUI] INFO org.parosproxy.paros.extension.ExtensionLoader  - Initializing Scripting console, supports all JSR 223 scripting languages
5384 [ZAP-BootstrapGUI] INFO org.parosproxy.paros.extension.ExtensionLoader  - Initializing ExtensionForcedUser
5393 [ZAP-BootstrapGUI] INFO org.parosproxy.paros.extension.ExtensionLoader  - Initializing Extension handling HTTP sessions
5427 [ZAP-BootstrapGUI] INFO org.parosproxy.paros.extension.ExtensionLoader  - Initializing ExtensionHighlighter
5441 [ZAP-BootstrapGUI] INFO org.parosproxy.paros.extension.ExtensionLoader  - Initializing Zest is a specialized scripting language from Mozilla specifically designed to be used in security tools
5906 [ZAP-BootstrapGUI] INFO org.parosproxy.paros.extension.ExtensionLoader  - Initializing Allows Python to be used for ZAP scripting
5912 [ZAP-BootstrapGUI] INFO org.parosproxy.paros.extension.ExtensionLoader  - Initializing ExtensionDiff
5915 [ZAP-BootstrapGUI] INFO org.parosproxy.paros.extension.ExtensionLoader  - Initializing Allows Ruby to be used for ZAP scripting
5923 [ZAP-Jython-EngineLoader] INFO org.zaproxy.zap.extension.jython.ExtensionJython  - Loading Jython engine...
6365 [ZAP-BootstrapGUI] INFO org.parosproxy.paros.extension.ExtensionLoader  - Initializing ExtensionRequestPostTableView
6374 [ZAP-BootstrapGUI] INFO org.parosproxy.paros.extension.ExtensionLoader  - Initializing Simple browser configuration
6451 [ZAP-BootstrapGUI] INFO org.parosproxy.paros.extension.ExtensionLoader  - Initializing ExtensionSessionManagement
6452 [ZAP-BootstrapGUI] INFO org.zaproxy.zap.extension.sessions.ExtensionSessionManagement  - Loaded session management method types: [Cookie-based Session Management, HTTP Authentication Session Management]
6453 [ZAP-BootstrapGUI] INFO org.parosproxy.paros.extension.ExtensionLoader  - Initializing ExtensionHttpPanelRequestFormTableView
6471 [ZAP-BootstrapGUI] INFO org.parosproxy.paros.extension.ExtensionLoader  - Initializing Capture messages from WebSockets with the ability to set breakpoints.
6604 [ZAP-BootstrapGUI] INFO org.parosproxy.paros.extension.ExtensionLoader  - Initializing Allows you to import a file containing URLs which ZAP will access, adding them to the Sites tree
6606 [ZAP-BootstrapGUI] INFO org.parosproxy.paros.extension.ExtensionLoader  - Initializing Allows you to import a WSDL file containing operations which ZAP will access, adding them to the Sites tree.
6609 [ZAP-BootstrapGUI] INFO org.zaproxy.zap.extension.soap.ExtensionImportWSDL  - Added custom WSDL spider.
6609 [ZAP-BootstrapGUI] INFO org.parosproxy.paros.extension.ExtensionLoader  - Initializing Capture communication from Server-Sent Event streams.
6685 [ZAP-BootstrapGUI] INFO org.parosproxy.paros.extension.ExtensionLoader  - Initializing Core UI related functionality.
6685 [ZAP-BootstrapGUI] INFO org.parosproxy.paros.extension.ExtensionLoader  - Initializing Technology detection using Wappalyzer - http://wappalyzer.com/
6701 [ZAP-BootstrapGUI] INFO org.parosproxy.paros.extension.ExtensionLoader  - Initializing ExtensionAuthorization
6704 [ZAP-BootstrapGUI] INFO org.parosproxy.paros.extension.ExtensionLoader  - Initializing Requester Addon
6789 [ZAP-BootstrapGUI] INFO org.parosproxy.paros.extension.ExtensionLoader  - Initializing AJAX Spider, uses Crawljax
6840 [ZAP-BootstrapGUI] INFO org.parosproxy.paros.extension.ExtensionLoader  - Initializing Provides WebDrivers to control several browsers using Selenium and includes HtmlUnit browser.
6876 [ZAP-BootstrapGUI] INFO org.parosproxy.paros.extension.ExtensionLoader  - Initializing Add-on that adds a set of tools for testing access control in web applications.
6895 [ZAP-BootstrapGUI] INFO org.parosproxy.paros.extension.ExtensionLoader  - Initializing Adds menu item to recursively expand/collapse a tree node
6898 [ZAP-BootstrapGUI] INFO org.parosproxy.paros.extension.ExtensionLoader  - Initializing Handles adding Global Excluded URLs
6942 [ZAP-BootstrapGUI] INFO org.parosproxy.paros.extension.ExtensionLoader  - Initializing Adds menu item to refresh the Sites tree
6944 [ZAP-BootstrapGUI] INFO org.parosproxy.paros.extension.ExtensionLoader  - Initializing Adds support for configurable keyboard shortcuts for all of the ZAP menus.
6955 [ZAP-BootstrapGUI] INFO org.zaproxy.zap.extension.keyboard.ExtensionKeyboard  - Initializing keyboard shortcuts
6957 [ZAP-BootstrapGUI] INFO org.parosproxy.paros.extension.ExtensionLoader  - Initializing OWASP ZAP User Guide
6966 [ZAP-BootstrapGUI] INFO org.parosproxy.paros.extension.ExtensionLoader  - Initializing Provides a URL suitable for calling from target sites
7041 [ZAP-BootstrapGUI] INFO org.parosproxy.paros.extension.ExtensionLoader  - Initializing Allows you to configure which extensions are loaded when ZAP starts 
7048 [ZAP-BootstrapGUI] INFO org.parosproxy.paros.extension.ExtensionLoader  - Initializing ExtensionHttpPanelComponentonentAll
7090 [ZAP-BootstrapGUI] INFO org.parosproxy.paros.extension.ExtensionLoader  - Initializing ExtensionHttpPanelHexView
7126 [ZAP-BootstrapGUI] INFO org.parosproxy.paros.extension.ExtensionLoader  - Initializing ExtensionHttpPanelImageView
7131 [ZAP-BootstrapGUI] INFO org.parosproxy.paros.extension.ExtensionLoader  - Initializing ExtensionHttpPanelLargeRequestView
7144 [ZAP-BootstrapGUI] INFO org.parosproxy.paros.extension.ExtensionLoader  - Initializing ExtensionHttpPanelLargeResponseView
7154 [ZAP-BootstrapGUI] INFO org.parosproxy.paros.extension.ExtensionLoader  - Initializing ExtensionHttpPanelRequestQueryCookieTableView
7176 [ZAP-BootstrapGUI] INFO org.parosproxy.paros.extension.ExtensionLoader  - Initializing ExtensionHttpPanelSyntaxHighlightTextView
7404 [ZAP-BootstrapGUI] INFO org.parosproxy.paros.extension.ExtensionLoader  - Initializing Active and passive rule configuration
7412 [ZAP-BootstrapGUI] INFO org.parosproxy.paros.extension.ExtensionLoader  - Initializing Statistics
7418 [ZAP-BootstrapGUI] INFO org.zaproxy.zap.extension.stats.ExtensionStats  - Start recording in memory stats
7419 [ZAP-BootstrapGUI] INFO org.parosproxy.paros.extension.ExtensionLoader  - Initializing Context alert rules filter
7421 [ZAP-BootstrapGUI] INFO org.parosproxy.paros.extension.ExtensionLoader  - Initializing Active Scan Rules
7423 [ZAP-BootstrapGUI] INFO org.parosproxy.paros.extension.ExtensionLoader  - Initializing Translations of the core language files
7425 [ZAP-BootstrapGUI] INFO org.parosproxy.paros.extension.ExtensionLoader  - Initializing Provides the foundation for concrete message types (for example, HTTP, WebSockets) expose fuzzer implementations.
7452 [ZAP-BootstrapGUI] INFO org.parosproxy.paros.extension.ExtensionLoader  - Initializing Allows to fuzz HTTP messages.
7505 [ZAP-BootstrapGUI] INFO org.parosproxy.paros.extension.ExtensionLoader  - Initializing The ZAP Getting Started Guide
7508 [ZAP-BootstrapGUI] INFO org.parosproxy.paros.extension.ExtensionLoader  - Initializing The Online menu links
7514 [ZAP-BootstrapGUI] INFO org.parosproxy.paros.extension.ExtensionLoader  - Initializing Passive Scan Rules
7518 [ZAP-BootstrapGUI] INFO org.parosproxy.paros.extension.ExtensionLoader  - Initializing ExtensionSaveRawHttpMessage
7524 [ZAP-BootstrapGUI] INFO org.parosproxy.paros.extension.ExtensionLoader  - Initializing Tips and Tricks
7526 [ZAP-BootstrapGUI] INFO org.parosproxy.paros.extension.ExtensionLoader  - Initializing Allows to fuzz WebSocket messages.
7528 [ZAP-BootstrapGUI] INFO org.parosproxy.paros.extension.ExtensionLoader  - Initializing Export Alerts to PDF or ODT Format to send to the client
7937 [ZAP-BootstrapGUI] INFO org.parosproxy.paros.extension.ExtensionLoader  - Initializing ExtensionAMF
7948 [ZAP-BootstrapGUI] INFO org.parosproxy.paros.extension.ExtensionLoader  - Initializing Active Scan Rules - alpha
7949 [ZAP-BootstrapGUI] INFO org.parosproxy.paros.extension.ExtensionLoader  - Initializing Active Scan Rules - beta
7953 [ZAP-BootstrapGUI] INFO org.parosproxy.paros.extension.ExtensionLoader  - Initializing Records logged in/out statistics for all contexts in scope  
7956 [ZAP-BootstrapGUI] INFO org.parosproxy.paros.extension.ExtensionLoader  - Initializing ExtensionHttpPanelBrowserView
8133 [ZAP-BootstrapGUI] INFO org.parosproxy.paros.extension.ExtensionLoader  - Initializing A ZAP Extension to help user raise issues in bug trackers from within ZAP
8155 [ZAP-BootstrapGUI] INFO org.parosproxy.paros.extension.ExtensionLoader  - Initializing ExtensionCallGraph
8160 [ZAP-BootstrapGUI] INFO org.parosproxy.paros.extension.ExtensionLoader  - Initializing Example extension which provides a top level menu
8163 [ZAP-BootstrapGUI] INFO org.parosproxy.paros.extension.ExtensionLoader  - Initializing Generates XML report that includes request and response data for each alert
8234 [ZAP-BootstrapGUI] INFO org.parosproxy.paros.extension.ExtensionLoader  - Initializing Community Scripts from https://github.com/zaproxy/community-scripts
8234 [ZAP-BootstrapGUI] INFO org.parosproxy.paros.extension.ExtensionLoader  - Initializing Content Security Policy Scanner
8236 [ZAP-BootstrapGUI] INFO org.parosproxy.paros.extension.ExtensionLoader  - Initializing ExtensionCustomReport
8239 [ZAP-BootstrapGUI] INFO org.parosproxy.paros.extension.ExtensionLoader  - Initializing DOM XSS Active Scan Rule
8302 [ZAP-BootstrapGUI] INFO org.parosproxy.paros.extension.ExtensionLoader  - Initializing ExtensionExportReport
8304 [ZAP-BootstrapGUI] INFO org.parosproxy.paros.extension.ExtensionLoader  - Initializing This extension allows a user to change the default values used by ZAP Spiders.
8314 [ZAP-BootstrapGUI] INFO org.parosproxy.paros.extension.ExtensionLoader  - Initializing This add-on gathers and displays SSL/TLS information for a server
8358 [ZAP-BootstrapGUI] INFO org.parosproxy.paros.extension.ExtensionLoader  - Initializing Example extension which provides the import option in the analyse section
8365 [ZAP-BootstrapGUI] INFO org.parosproxy.paros.extension.ExtensionLoader  - Initializing ExtensionJxBrowser
8369 [ZAP-BootstrapGUI] INFO org.parosproxy.paros.extension.ExtensionLoader  - Initializing ExtensionJxBrowserLinux32
8373 [ZAP-BootstrapGUI] INFO org.parosproxy.paros.extension.ExtensionLoader  - Initializing ExtSelJxBrowserLinux32
8377 [ZAP-BootstrapGUI] INFO org.parosproxy.paros.extension.ExtensionLoader  - Initializing ExtensionJxBrowserLinux64
8379 [ZAP-BootstrapGUI] INFO org.parosproxy.paros.extension.ExtensionLoader  - Initializing ExtSelJxBrowserLinux64
8381 [ZAP-BootstrapGUI] INFO org.parosproxy.paros.extension.ExtensionLoader  - Initializing ExtensionJxBrowserMaxOS
8383 [ZAP-BootstrapGUI] INFO org.parosproxy.paros.extension.ExtensionLoader  - Initializing ExtSelJxBrowserMacOs
8386 [ZAP-BootstrapGUI] INFO org.parosproxy.paros.extension.ExtensionLoader  - Initializing ExtensionJxBrowserWindows
8389 [ZAP-BootstrapGUI] INFO org.parosproxy.paros.extension.ExtensionLoader  - Initializing ExtSelJxBrowserWindows
8431 [ZAP-BootstrapGUI] INFO org.parosproxy.paros.extension.ExtensionLoader  - Initializing Allows you to spider and import OpenAPI (Swagger) definitions 
8453 [ZAP-BootstrapGUI] INFO org.parosproxy.paros.extension.ExtensionLoader  - Initializing Passive Scan Rules - alpha
8482 [ZAP-BootstrapGUI] INFO org.parosproxy.paros.extension.ExtensionLoader  - Initializing Passive Scan Rules - beta
8491 [ZAP-BootstrapGUI] INFO org.parosproxy.paros.extension.ExtensionLoader  - Initializing Quick Start panel 
8810 [ZAP-BootstrapGUI] INFO org.parosproxy.paros.extension.ExtensionLoader  - Initializing Launch browsers proxying through ZAP
8818 [ZAP-BootstrapGUI] INFO org.parosproxy.paros.extension.ExtensionLoader  - Initializing Quick Start Plug-n-Hack
8854 [ZAP-BootstrapGUI] INFO org.parosproxy.paros.extension.ExtensionLoader  - Initializing Easy way to replace strings in requests and responses
8862 [ZAP-BootstrapGUI] INFO org.parosproxy.paros.extension.ExtensionLoader  - Initializing Revisit a site at any time in the past using the session history
8879 [ZAP-BootstrapGUI] INFO org.parosproxy.paros.extension.ExtensionLoader  - Initializing org.zaproxy.zap.extension.saml.SAMLExtension
8959 [ZAP-BootstrapGUI] INFO org.parosproxy.paros.extension.ExtensionLoader  - Initializing SNI Terminator
8965 [ZAP-BootstrapGUI] INFO org.parosproxy.paros.extension.ExtensionLoader  - Initializing Helper extension for Advanced SQL Injection scanner.
8969 [ZAP-BootstrapGUI] INFO org.parosproxy.paros.extension.ExtensionLoader  - Initializing TLS Debug panel 
8986 [ZAP-BootstrapGUI] INFO org.parosproxy.paros.extension.ExtensionLoader  - Initializing Token generation and analysis
10581 [ZAP-BootstrapGUI] INFO org.zaproxy.zap.extension.callback.ExtensionCallback  - Started callback server on 0.0.0.0:55417
11029 [ZAP-Jython-EngineLoader] INFO org.zaproxy.zap.extension.jython.ExtensionJython  - Jython engine loaded.
12042 [ZAP-BootstrapGUI] INFO org.zaproxy.zap.extension.sniTerminator.ExtensionSniTerminator  - Initialize SNI Terminator 0.0.0.0:8443
21711 [ZAP-BootstrapGUI] FATAL org.zaproxy.zap.GuiBootstrap  - Failed to initialise GUI: 
java.lang.reflect.InvocationTargetException
	at java.awt.EventQueue.invokeAndWait(EventQueue.java:1321)
	at java.awt.EventQueue.invokeAndWait(EventQueue.java:1296)
	at org.zaproxy.zap.GuiBootstrap.initControlAndPostViewInit(Unknown Source)
	at org.zaproxy.zap.GuiBootstrap.access$100(Unknown Source)
	at org.zaproxy.zap.GuiBootstrap$2.run(Unknown Source)
	at java.lang.Thread.run(Thread.java:745)
Caused by: java.nio.file.InvalidPathException: Illegal char <
> at index 40: C:\Users\john.mathew\Desktop\zap\session
								-config.session
	at sun.nio.fs.WindowsPathParser.normalize(WindowsPathParser.java:182)
	at sun.nio.fs.WindowsPathParser.parse(WindowsPathParser.java:153)
	at sun.nio.fs.WindowsPathParser.parse(WindowsPathParser.java:77)
	at sun.nio.fs.WindowsPath.parse(WindowsPath.java:94)
	at sun.nio.fs.WindowsFileSystem.getPath(WindowsFileSystem.java:255)
	at java.nio.file.Paths.get(Paths.java:84)
	at org.zaproxy.zap.model.SessionUtils.getSessionPath(Unknown Source)
	at org.zaproxy.zap.GuiBootstrap$3.run(Unknown Source)
	at java.awt.event.InvocationEvent.dispatch(InvocationEvent.java:301)
	at java.awt.EventQueue.dispatchEventImpl(EventQueue.java:756)
	at java.awt.EventQueue.access$500(EventQueue.java:97)
	at java.awt.EventQueue$3.run(EventQueue.java:709)
	at java.awt.EventQueue$3.run(EventQueue.java:703)
	at java.security.AccessController.doPrivileged(Native Method)
	at java.security.ProtectionDomain$JavaSecurityAccessImpl.doIntersectionPrivilege(ProtectionDomain.java:80)
	at java.awt.EventQueue.dispatchEvent(EventQueue.java:726)
	at java.awt.EventDispatchThread.pumpOneEventForFilters(EventDispatchThread.java:201)
	at java.awt.EventDispatchThread.pumpEventsForFilter(EventDispatchThread.java:116)
	at java.awt.EventDispatchThread.pumpEventsForHierarchy(EventDispatchThread.java:105)
	at java.awt.EventDispatchThread.pumpEvents(EventDispatchThread.java:101)
	at java.awt.EventDispatchThread.pumpEvents(EventDispatchThread.java:93)
	at java.awt.EventDispatchThread.run(EventDispatchThread.java:82)
