[INFO  - 2017-08-07T11:41:39.246Z] GhostDriver - Main - running on port 43835
[INFO  - 2017-08-07T11:41:39.961Z] Session [6088a250-7b65-11e7-aa7e-030676a86b02] - page.settings - {"XSSAuditingEnabled":false,"javascriptCanCloseWindows":true,"javascriptCanOpenWindows":true,"javascriptEnabled":true,"loadImages":true,"localToRemoteUrlAccessEnabled":false,"userAgent":"Mozilla/5.0 (Windows NT 6.2; WOW64) AppleWebKit/538.1 (KHTML, like Gecko) PhantomJS/2.1.1 Safari/538.1","webSecurityEnabled":false}
[INFO  - 2017-08-07T11:41:39.962Z] Session [6088a250-7b65-11e7-aa7e-030676a86b02] - page.customHeaders:  - {}
[INFO  - 2017-08-07T11:41:39.962Z] Session [6088a250-7b65-11e7-aa7e-030676a86b02] - Session.negotiatedCapabilities - {"browserName":"phantomjs","version":"2.1.1","driverName":"ghostdriver","driverVersion":"1.2.0","platform":"windows-10-32bit","javascriptEnabled":true,"takesScreenshot":true,"handlesAlerts":false,"databaseEnabled":false,"locationContextEnabled":false,"applicationCacheEnabled":false,"browserConnectionEnabled":false,"cssSelectorsEnabled":true,"webStorageEnabled":false,"rotatable":false,"acceptSslCerts":false,"nativeEvents":true,"proxy":{"proxyType":"direct"}}
[INFO  - 2017-08-07T11:41:39.962Z] SessionManagerReqHand - _postNewSessionCommand - New Session Created: 6088a250-7b65-11e7-aa7e-030676a86b02
[ERROR - 2017-08-07T11:42:43.805Z] WebElementLocator - _handleLocateCommand - Element(s) NOT Found: GAVE UP. Search Stop Time: 1502106163782
[INFO  - 2017-08-07T11:42:44.072Z] ShutdownReqHand - _handle - About to shutdown
[INFO  - 2017-09-11T06:59:34.771Z] GhostDriver - Main - running on port 36890
[INFO  - 2017-09-11T06:59:35.062Z] Session [c4f73f20-96be-11e7-a5db-5dbda707348c] - page.settings - {"XSSAuditingEnabled":false,"javascriptCanCloseWindows":true,"javascriptCanOpenWindows":true,"javascriptEnabled":true,"loadImages":true,"localToRemoteUrlAccessEnabled":false,"userAgent":"Mozilla/5.0 (Windows NT 6.2; WOW64) AppleWebKit/538.1 (KHTML, like Gecko) PhantomJS/2.1.1 Safari/538.1","webSecurityEnabled":false}
[INFO  - 2017-09-11T06:59:35.062Z] Session [c4f73f20-96be-11e7-a5db-5dbda707348c] - page.customHeaders:  - {}
[INFO  - 2017-09-11T06:59:35.062Z] Session [c4f73f20-96be-11e7-a5db-5dbda707348c] - Session.negotiatedCapabilities - {"browserName":"phantomjs","version":"2.1.1","driverName":"ghostdriver","driverVersion":"1.2.0","platform":"windows-10-32bit","javascriptEnabled":true,"takesScreenshot":true,"handlesAlerts":false,"databaseEnabled":false,"locationContextEnabled":false,"applicationCacheEnabled":false,"browserConnectionEnabled":false,"cssSelectorsEnabled":true,"webStorageEnabled":false,"rotatable":false,"acceptSslCerts":false,"nativeEvents":true,"proxy":{"proxyType":"direct"}}
[INFO  - 2017-09-11T06:59:35.062Z] SessionManagerReqHand - _postNewSessionCommand - New Session Created: c4f73f20-96be-11e7-a5db-5dbda707348c
[ERROR - 2017-09-11T07:00:39.309Z] WebElementLocator - _handleLocateCommand - Element(s) NOT Found: GAVE UP. Search Stop Time: 1505113239283
[INFO  - 2017-09-11T07:00:39.655Z] ShutdownReqHand - _handle - About to shutdown
[INFO  - 2017-09-14T09:53:53.337Z] GhostDriver - Main - running on port 16996
[INFO  - 2017-09-14T09:53:53.626Z] Session [9dfe6940-9932-11e7-9cc2-cdc34c320a66] - page.settings - {"XSSAuditingEnabled":false,"javascriptCanCloseWindows":true,"javascriptCanOpenWindows":true,"javascriptEnabled":true,"loadImages":true,"localToRemoteUrlAccessEnabled":false,"userAgent":"Mozilla/5.0 (Windows NT 6.2; WOW64) AppleWebKit/538.1 (KHTML, like Gecko) PhantomJS/2.1.1 Safari/538.1","webSecurityEnabled":false}
[INFO  - 2017-09-14T09:53:53.626Z] Session [9dfe6940-9932-11e7-9cc2-cdc34c320a66] - page.customHeaders:  - {}
[INFO  - 2017-09-14T09:53:53.626Z] Session [9dfe6940-9932-11e7-9cc2-cdc34c320a66] - Session.negotiatedCapabilities - {"browserName":"phantomjs","version":"2.1.1","driverName":"ghostdriver","driverVersion":"1.2.0","platform":"windows-10-32bit","javascriptEnabled":true,"takesScreenshot":true,"handlesAlerts":false,"databaseEnabled":false,"locationContextEnabled":false,"applicationCacheEnabled":false,"browserConnectionEnabled":false,"cssSelectorsEnabled":true,"webStorageEnabled":false,"rotatable":false,"acceptSslCerts":false,"nativeEvents":true,"proxy":{"proxyType":"direct"}}
[INFO  - 2017-09-14T09:53:53.626Z] SessionManagerReqHand - _postNewSessionCommand - New Session Created: 9dfe6940-9932-11e7-9cc2-cdc34c320a66
[INFO  - 2017-09-14T09:54:29.667Z] ShutdownReqHand - _handle - About to shutdown
[INFO  - 2017-09-14T10:01:46.069Z] GhostDriver - Main - running on port 28836
[INFO  - 2017-09-14T10:01:46.348Z] Session [b7c21060-9933-11e7-93a9-456af677d882] - page.settings - {"XSSAuditingEnabled":false,"javascriptCanCloseWindows":true,"javascriptCanOpenWindows":true,"javascriptEnabled":true,"loadImages":true,"localToRemoteUrlAccessEnabled":false,"userAgent":"Mozilla/5.0 (Windows NT 6.2; WOW64) AppleWebKit/538.1 (KHTML, like Gecko) PhantomJS/2.1.1 Safari/538.1","webSecurityEnabled":false}
[INFO  - 2017-09-14T10:01:46.348Z] Session [b7c21060-9933-11e7-93a9-456af677d882] - page.customHeaders:  - {}
[INFO  - 2017-09-14T10:01:46.348Z] Session [b7c21060-9933-11e7-93a9-456af677d882] - Session.negotiatedCapabilities - {"browserName":"phantomjs","version":"2.1.1","driverName":"ghostdriver","driverVersion":"1.2.0","platform":"windows-10-32bit","javascriptEnabled":true,"takesScreenshot":true,"handlesAlerts":false,"databaseEnabled":false,"locationContextEnabled":false,"applicationCacheEnabled":false,"browserConnectionEnabled":false,"cssSelectorsEnabled":true,"webStorageEnabled":false,"rotatable":false,"acceptSslCerts":false,"nativeEvents":true,"proxy":{"proxyType":"direct"}}
[INFO  - 2017-09-14T10:01:46.349Z] SessionManagerReqHand - _postNewSessionCommand - New Session Created: b7c21060-9933-11e7-93a9-456af677d882
[INFO  - 2017-09-14T10:02:21.107Z] ShutdownReqHand - _handle - About to shutdown
[INFO  - 2017-09-14T11:26:37.468Z] GhostDriver - Main - running on port 39989
[INFO  - 2017-09-14T11:26:38.064Z] Session [92a892c0-993f-11e7-b120-e7b961ef8acd] - page.settings - {"XSSAuditingEnabled":false,"javascriptCanCloseWindows":true,"javascriptCanOpenWindows":true,"javascriptEnabled":true,"loadImages":true,"localToRemoteUrlAccessEnabled":false,"userAgent":"Mozilla/5.0 (Windows NT 6.2; WOW64) AppleWebKit/538.1 (KHTML, like Gecko) PhantomJS/2.1.1 Safari/538.1","webSecurityEnabled":false}
[INFO  - 2017-09-14T11:26:38.064Z] Session [92a892c0-993f-11e7-b120-e7b961ef8acd] - page.customHeaders:  - {}
[INFO  - 2017-09-14T11:26:38.064Z] Session [92a892c0-993f-11e7-b120-e7b961ef8acd] - Session.negotiatedCapabilities - {"browserName":"phantomjs","version":"2.1.1","driverName":"ghostdriver","driverVersion":"1.2.0","platform":"windows-10-32bit","javascriptEnabled":true,"takesScreenshot":true,"handlesAlerts":false,"databaseEnabled":false,"locationContextEnabled":false,"applicationCacheEnabled":false,"browserConnectionEnabled":false,"cssSelectorsEnabled":true,"webStorageEnabled":false,"rotatable":false,"acceptSslCerts":false,"nativeEvents":true,"proxy":{"proxyType":"direct"}}
[INFO  - 2017-09-14T11:26:38.064Z] SessionManagerReqHand - _postNewSessionCommand - New Session Created: 92a892c0-993f-11e7-b120-e7b961ef8acd
[INFO  - 2017-09-14T11:27:12.645Z] ShutdownReqHand - _handle - About to shutdown
[INFO  - 2017-09-14T11:31:45.913Z] GhostDriver - Main - running on port 15866
[INFO  - 2017-09-14T11:31:46.185Z] Session [4a4ff440-9940-11e7-a388-f1a5799efcf2] - page.settings - {"XSSAuditingEnabled":false,"javascriptCanCloseWindows":true,"javascriptCanOpenWindows":true,"javascriptEnabled":true,"loadImages":true,"localToRemoteUrlAccessEnabled":false,"userAgent":"Mozilla/5.0 (Windows NT 6.2; WOW64) AppleWebKit/538.1 (KHTML, like Gecko) PhantomJS/2.1.1 Safari/538.1","webSecurityEnabled":false}
[INFO  - 2017-09-14T11:31:46.185Z] Session [4a4ff440-9940-11e7-a388-f1a5799efcf2] - page.customHeaders:  - {}
[INFO  - 2017-09-14T11:31:46.185Z] Session [4a4ff440-9940-11e7-a388-f1a5799efcf2] - Session.negotiatedCapabilities - {"browserName":"phantomjs","version":"2.1.1","driverName":"ghostdriver","driverVersion":"1.2.0","platform":"windows-10-32bit","javascriptEnabled":true,"takesScreenshot":true,"handlesAlerts":false,"databaseEnabled":false,"locationContextEnabled":false,"applicationCacheEnabled":false,"browserConnectionEnabled":false,"cssSelectorsEnabled":true,"webStorageEnabled":false,"rotatable":false,"acceptSslCerts":false,"nativeEvents":true,"proxy":{"proxyType":"direct"}}
[INFO  - 2017-09-14T11:31:46.185Z] SessionManagerReqHand - _postNewSessionCommand - New Session Created: 4a4ff440-9940-11e7-a388-f1a5799efcf2
[ERROR - 2017-09-14T11:32:49.317Z] WebElementLocator - _handleLocateCommand - Element(s) NOT Found: GAVE UP. Search Stop Time: 1505388769302
[INFO  - 2017-09-14T11:32:49.738Z] ShutdownReqHand - _handle - About to shutdown
[INFO  - 2017-09-14T11:42:43.731Z] GhostDriver - Main - running on port 10533
[INFO  - 2017-09-14T11:42:44.019Z] Session [d2694dd0-9941-11e7-9b51-f73ec1cd2ff0] - page.settings - {"XSSAuditingEnabled":false,"javascriptCanCloseWindows":true,"javascriptCanOpenWindows":true,"javascriptEnabled":true,"loadImages":true,"localToRemoteUrlAccessEnabled":false,"userAgent":"Mozilla/5.0 (Windows NT 6.2; WOW64) AppleWebKit/538.1 (KHTML, like Gecko) PhantomJS/2.1.1 Safari/538.1","webSecurityEnabled":false}
[INFO  - 2017-09-14T11:42:44.019Z] Session [d2694dd0-9941-11e7-9b51-f73ec1cd2ff0] - page.customHeaders:  - {}
[INFO  - 2017-09-14T11:42:44.019Z] Session [d2694dd0-9941-11e7-9b51-f73ec1cd2ff0] - Session.negotiatedCapabilities - {"browserName":"phantomjs","version":"2.1.1","driverName":"ghostdriver","driverVersion":"1.2.0","platform":"windows-10-32bit","javascriptEnabled":true,"takesScreenshot":true,"handlesAlerts":false,"databaseEnabled":false,"locationContextEnabled":false,"applicationCacheEnabled":false,"browserConnectionEnabled":false,"cssSelectorsEnabled":true,"webStorageEnabled":false,"rotatable":false,"acceptSslCerts":false,"nativeEvents":true,"proxy":{"proxyType":"direct"}}
[INFO  - 2017-09-14T11:42:44.019Z] SessionManagerReqHand - _postNewSessionCommand - New Session Created: d2694dd0-9941-11e7-9b51-f73ec1cd2ff0
[ERROR - 2017-09-14T11:43:44.130Z] WebElementLocator - _handleLocateCommand - Element(s) NOT Found: GAVE UP. Search Stop Time: 1505389424089
[INFO  - 2017-09-14T11:45:12.971Z] GhostDriver - Main - running on port 33396
[INFO  - 2017-09-14T11:45:13.248Z] Session [2b5bfeb0-9942-11e7-af6c-1d2b28faeb66] - page.settings - {"XSSAuditingEnabled":false,"javascriptCanCloseWindows":true,"javascriptCanOpenWindows":true,"javascriptEnabled":true,"loadImages":true,"localToRemoteUrlAccessEnabled":false,"userAgent":"Mozilla/5.0 (Windows NT 6.2; WOW64) AppleWebKit/538.1 (KHTML, like Gecko) PhantomJS/2.1.1 Safari/538.1","webSecurityEnabled":false}
[INFO  - 2017-09-14T11:45:13.248Z] Session [2b5bfeb0-9942-11e7-af6c-1d2b28faeb66] - page.customHeaders:  - {}
[INFO  - 2017-09-14T11:45:13.248Z] Session [2b5bfeb0-9942-11e7-af6c-1d2b28faeb66] - Session.negotiatedCapabilities - {"browserName":"phantomjs","version":"2.1.1","driverName":"ghostdriver","driverVersion":"1.2.0","platform":"windows-10-32bit","javascriptEnabled":true,"takesScreenshot":true,"handlesAlerts":false,"databaseEnabled":false,"locationContextEnabled":false,"applicationCacheEnabled":false,"browserConnectionEnabled":false,"cssSelectorsEnabled":true,"webStorageEnabled":false,"rotatable":false,"acceptSslCerts":false,"nativeEvents":true,"proxy":{"proxyType":"direct"}}
[INFO  - 2017-09-14T11:45:13.248Z] SessionManagerReqHand - _postNewSessionCommand - New Session Created: 2b5bfeb0-9942-11e7-af6c-1d2b28faeb66
[ERROR - 2017-09-14T11:46:13.380Z] WebElementLocator - _handleLocateCommand - Element(s) NOT Found: GAVE UP. Search Stop Time: 1505389573317
[INFO  - 2017-09-14T11:46:13.505Z] ShutdownReqHand - _handle - About to shutdown
[INFO  - 2017-09-14T11:50:00.864Z] GhostDriver - Main - running on port 16882
[INFO  - 2017-09-14T11:50:01.164Z] Session [d6f87d70-9942-11e7-819b-fb4d34055aba] - page.settings - {"XSSAuditingEnabled":false,"javascriptCanCloseWindows":true,"javascriptCanOpenWindows":true,"javascriptEnabled":true,"loadImages":true,"localToRemoteUrlAccessEnabled":false,"userAgent":"Mozilla/5.0 (Windows NT 6.2; WOW64) AppleWebKit/538.1 (KHTML, like Gecko) PhantomJS/2.1.1 Safari/538.1","webSecurityEnabled":false}
[INFO  - 2017-09-14T11:50:01.164Z] Session [d6f87d70-9942-11e7-819b-fb4d34055aba] - page.customHeaders:  - {}
[INFO  - 2017-09-14T11:50:01.164Z] Session [d6f87d70-9942-11e7-819b-fb4d34055aba] - Session.negotiatedCapabilities - {"browserName":"phantomjs","version":"2.1.1","driverName":"ghostdriver","driverVersion":"1.2.0","platform":"windows-10-32bit","javascriptEnabled":true,"takesScreenshot":true,"handlesAlerts":false,"databaseEnabled":false,"locationContextEnabled":false,"applicationCacheEnabled":false,"browserConnectionEnabled":false,"cssSelectorsEnabled":true,"webStorageEnabled":false,"rotatable":false,"acceptSslCerts":false,"nativeEvents":true,"proxy":{"proxyType":"direct"}}
[INFO  - 2017-09-14T11:50:01.164Z] SessionManagerReqHand - _postNewSessionCommand - New Session Created: d6f87d70-9942-11e7-819b-fb4d34055aba
[INFO  - 2017-09-14T11:50:40.246Z] ShutdownReqHand - _handle - About to shutdown
[INFO  - 2017-09-14T11:54:07.961Z] GhostDriver - Main - running on port 15788
[INFO  - 2017-09-14T11:54:08.171Z] Session [6a32eb70-9943-11e7-8d76-0b7edde79481] - page.settings - {"XSSAuditingEnabled":false,"javascriptCanCloseWindows":true,"javascriptCanOpenWindows":true,"javascriptEnabled":true,"loadImages":true,"localToRemoteUrlAccessEnabled":false,"userAgent":"Mozilla/5.0 (Windows NT 6.2; WOW64) AppleWebKit/538.1 (KHTML, like Gecko) PhantomJS/2.1.1 Safari/538.1","webSecurityEnabled":false}
[INFO  - 2017-09-14T11:54:08.171Z] Session [6a32eb70-9943-11e7-8d76-0b7edde79481] - page.customHeaders:  - {}
[INFO  - 2017-09-14T11:54:08.171Z] Session [6a32eb70-9943-11e7-8d76-0b7edde79481] - Session.negotiatedCapabilities - {"browserName":"phantomjs","version":"2.1.1","driverName":"ghostdriver","driverVersion":"1.2.0","platform":"windows-10-32bit","javascriptEnabled":true,"takesScreenshot":true,"handlesAlerts":false,"databaseEnabled":false,"locationContextEnabled":false,"applicationCacheEnabled":false,"browserConnectionEnabled":false,"cssSelectorsEnabled":true,"webStorageEnabled":false,"rotatable":false,"acceptSslCerts":false,"nativeEvents":true,"proxy":{"proxyType":"direct"}}
[INFO  - 2017-09-14T11:54:08.171Z] SessionManagerReqHand - _postNewSessionCommand - New Session Created: 6a32eb70-9943-11e7-8d76-0b7edde79481
[INFO  - 2017-09-14T11:54:43.181Z] ShutdownReqHand - _handle - About to shutdown
[INFO  - 2017-09-14T12:07:45.394Z] GhostDriver - Main - running on port 12217
[INFO  - 2017-09-14T12:07:45.579Z] Session [51695460-9945-11e7-8498-87894b1f2897] - page.settings - {"XSSAuditingEnabled":false,"javascriptCanCloseWindows":true,"javascriptCanOpenWindows":true,"javascriptEnabled":true,"loadImages":true,"localToRemoteUrlAccessEnabled":false,"userAgent":"Mozilla/5.0 (Windows NT 6.2; WOW64) AppleWebKit/538.1 (KHTML, like Gecko) PhantomJS/2.1.1 Safari/538.1","webSecurityEnabled":false}
[INFO  - 2017-09-14T12:07:45.579Z] Session [51695460-9945-11e7-8498-87894b1f2897] - page.customHeaders:  - {}
[INFO  - 2017-09-14T12:07:45.579Z] Session [51695460-9945-11e7-8498-87894b1f2897] - Session.negotiatedCapabilities - {"browserName":"phantomjs","version":"2.1.1","driverName":"ghostdriver","driverVersion":"1.2.0","platform":"windows-10-32bit","javascriptEnabled":true,"takesScreenshot":true,"handlesAlerts":false,"databaseEnabled":false,"locationContextEnabled":false,"applicationCacheEnabled":false,"browserConnectionEnabled":false,"cssSelectorsEnabled":true,"webStorageEnabled":false,"rotatable":false,"acceptSslCerts":false,"nativeEvents":true,"proxy":{"proxyType":"direct"}}
[INFO  - 2017-09-14T12:07:45.579Z] SessionManagerReqHand - _postNewSessionCommand - New Session Created: 51695460-9945-11e7-8498-87894b1f2897
[INFO  - 2017-09-14T12:08:21.363Z] ShutdownReqHand - _handle - About to shutdown
[INFO  - 2017-09-14T12:10:41.575Z] GhostDriver - Main - running on port 36710
[INFO  - 2017-09-14T12:10:41.731Z] Session [ba6824f0-9945-11e7-a420-7185a28ecf3f] - page.settings - {"XSSAuditingEnabled":false,"javascriptCanCloseWindows":true,"javascriptCanOpenWindows":true,"javascriptEnabled":true,"loadImages":true,"localToRemoteUrlAccessEnabled":false,"userAgent":"Mozilla/5.0 (Windows NT 6.2; WOW64) AppleWebKit/538.1 (KHTML, like Gecko) PhantomJS/2.1.1 Safari/538.1","webSecurityEnabled":false}
[INFO  - 2017-09-14T12:10:41.731Z] Session [ba6824f0-9945-11e7-a420-7185a28ecf3f] - page.customHeaders:  - {}
[INFO  - 2017-09-14T12:10:41.732Z] Session [ba6824f0-9945-11e7-a420-7185a28ecf3f] - Session.negotiatedCapabilities - {"browserName":"phantomjs","version":"2.1.1","driverName":"ghostdriver","driverVersion":"1.2.0","platform":"windows-10-32bit","javascriptEnabled":true,"takesScreenshot":true,"handlesAlerts":false,"databaseEnabled":false,"locationContextEnabled":false,"applicationCacheEnabled":false,"browserConnectionEnabled":false,"cssSelectorsEnabled":true,"webStorageEnabled":false,"rotatable":false,"acceptSslCerts":false,"nativeEvents":true,"proxy":{"proxyType":"direct"}}
[INFO  - 2017-09-14T12:10:41.732Z] SessionManagerReqHand - _postNewSessionCommand - New Session Created: ba6824f0-9945-11e7-a420-7185a28ecf3f
[INFO  - 2017-09-14T12:11:16.323Z] ShutdownReqHand - _handle - About to shutdown
[INFO  - 2017-09-14T12:32:52.528Z] GhostDriver - Main - running on port 48801
[INFO  - 2017-09-14T12:32:52.700Z] Session [d3b9be70-9948-11e7-9205-47e82c9c4552] - page.settings - {"XSSAuditingEnabled":false,"javascriptCanCloseWindows":true,"javascriptCanOpenWindows":true,"javascriptEnabled":true,"loadImages":true,"localToRemoteUrlAccessEnabled":false,"userAgent":"Mozilla/5.0 (Windows NT 6.2; WOW64) AppleWebKit/538.1 (KHTML, like Gecko) PhantomJS/2.1.1 Safari/538.1","webSecurityEnabled":false}
[INFO  - 2017-09-14T12:32:52.700Z] Session [d3b9be70-9948-11e7-9205-47e82c9c4552] - page.customHeaders:  - {}
[INFO  - 2017-09-14T12:32:52.700Z] Session [d3b9be70-9948-11e7-9205-47e82c9c4552] - Session.negotiatedCapabilities - {"browserName":"phantomjs","version":"2.1.1","driverName":"ghostdriver","driverVersion":"1.2.0","platform":"windows-10-32bit","javascriptEnabled":true,"takesScreenshot":true,"handlesAlerts":false,"databaseEnabled":false,"locationContextEnabled":false,"applicationCacheEnabled":false,"browserConnectionEnabled":false,"cssSelectorsEnabled":true,"webStorageEnabled":false,"rotatable":false,"acceptSslCerts":false,"nativeEvents":true,"proxy":{"proxyType":"direct"}}
[INFO  - 2017-09-14T12:32:52.700Z] SessionManagerReqHand - _postNewSessionCommand - New Session Created: d3b9be70-9948-11e7-9205-47e82c9c4552
[INFO  - 2017-09-14T12:33:27.718Z] ShutdownReqHand - _handle - About to shutdown
[INFO  - 2017-09-14T12:41:30.259Z] GhostDriver - Main - running on port 48335
[INFO  - 2017-09-14T12:41:30.533Z] Session [0860f110-994a-11e7-b964-ef22a6a64835] - page.settings - {"XSSAuditingEnabled":false,"javascriptCanCloseWindows":true,"javascriptCanOpenWindows":true,"javascriptEnabled":true,"loadImages":true,"localToRemoteUrlAccessEnabled":false,"userAgent":"Mozilla/5.0 (Windows NT 6.2; WOW64) AppleWebKit/538.1 (KHTML, like Gecko) PhantomJS/2.1.1 Safari/538.1","webSecurityEnabled":false}
[INFO  - 2017-09-14T12:41:30.533Z] Session [0860f110-994a-11e7-b964-ef22a6a64835] - page.customHeaders:  - {}
[INFO  - 2017-09-14T12:41:30.533Z] Session [0860f110-994a-11e7-b964-ef22a6a64835] - Session.negotiatedCapabilities - {"browserName":"phantomjs","version":"2.1.1","driverName":"ghostdriver","driverVersion":"1.2.0","platform":"windows-10-32bit","javascriptEnabled":true,"takesScreenshot":true,"handlesAlerts":false,"databaseEnabled":false,"locationContextEnabled":false,"applicationCacheEnabled":false,"browserConnectionEnabled":false,"cssSelectorsEnabled":true,"webStorageEnabled":false,"rotatable":false,"acceptSslCerts":false,"nativeEvents":true,"proxy":{"proxyType":"direct"}}
[INFO  - 2017-09-14T12:41:30.533Z] SessionManagerReqHand - _postNewSessionCommand - New Session Created: 0860f110-994a-11e7-b964-ef22a6a64835
[INFO  - 2017-09-14T12:42:14.495Z] ShutdownReqHand - _handle - About to shutdown
[INFO  - 2017-09-15T06:02:46.115Z] GhostDriver - Main - running on port 3201
[INFO  - 2017-09-15T06:02:46.370Z] Session [7ee11fe0-99db-11e7-95c1-c3e04aaa7160] - page.settings - {"XSSAuditingEnabled":false,"javascriptCanCloseWindows":true,"javascriptCanOpenWindows":true,"javascriptEnabled":true,"loadImages":true,"localToRemoteUrlAccessEnabled":false,"userAgent":"Mozilla/5.0 (Windows NT 6.2; WOW64) AppleWebKit/538.1 (KHTML, like Gecko) PhantomJS/2.1.1 Safari/538.1","webSecurityEnabled":false}
[INFO  - 2017-09-15T06:02:46.370Z] Session [7ee11fe0-99db-11e7-95c1-c3e04aaa7160] - page.customHeaders:  - {}
[INFO  - 2017-09-15T06:02:46.370Z] Session [7ee11fe0-99db-11e7-95c1-c3e04aaa7160] - Session.negotiatedCapabilities - {"browserName":"phantomjs","version":"2.1.1","driverName":"ghostdriver","driverVersion":"1.2.0","platform":"windows-10-32bit","javascriptEnabled":true,"takesScreenshot":true,"handlesAlerts":false,"databaseEnabled":false,"locationContextEnabled":false,"applicationCacheEnabled":false,"browserConnectionEnabled":false,"cssSelectorsEnabled":true,"webStorageEnabled":false,"rotatable":false,"acceptSslCerts":false,"nativeEvents":true,"proxy":{"proxyType":"direct"}}
[INFO  - 2017-09-15T06:02:46.370Z] SessionManagerReqHand - _postNewSessionCommand - New Session Created: 7ee11fe0-99db-11e7-95c1-c3e04aaa7160
[ERROR - 2017-09-15T06:03:48.868Z] WebElementLocator - _handleLocateCommand - Element(s) NOT Found: GAVE UP. Search Stop Time: 1505455428820
[INFO  - 2017-09-15T06:03:48.985Z] ShutdownReqHand - _handle - About to shutdown
[INFO  - 2017-09-15T13:13:13.399Z] GhostDriver - Main - running on port 47698
[INFO  - 2017-09-15T13:13:13.755Z] Session [a1335270-9a17-11e7-80da-3dca08795a23] - page.settings - {"XSSAuditingEnabled":false,"javascriptCanCloseWindows":true,"javascriptCanOpenWindows":true,"javascriptEnabled":true,"loadImages":true,"localToRemoteUrlAccessEnabled":false,"userAgent":"Mozilla/5.0 (Windows NT 6.2; WOW64) AppleWebKit/538.1 (KHTML, like Gecko) PhantomJS/2.1.1 Safari/538.1","webSecurityEnabled":false}
[INFO  - 2017-09-15T13:13:13.755Z] Session [a1335270-9a17-11e7-80da-3dca08795a23] - page.customHeaders:  - {}
[INFO  - 2017-09-15T13:13:13.755Z] Session [a1335270-9a17-11e7-80da-3dca08795a23] - Session.negotiatedCapabilities - {"browserName":"phantomjs","version":"2.1.1","driverName":"ghostdriver","driverVersion":"1.2.0","platform":"windows-10-32bit","javascriptEnabled":true,"takesScreenshot":true,"handlesAlerts":false,"databaseEnabled":false,"locationContextEnabled":false,"applicationCacheEnabled":false,"browserConnectionEnabled":false,"cssSelectorsEnabled":true,"webStorageEnabled":false,"rotatable":false,"acceptSslCerts":false,"nativeEvents":true,"proxy":{"proxyType":"direct"}}
[INFO  - 2017-09-15T13:13:13.755Z] SessionManagerReqHand - _postNewSessionCommand - New Session Created: a1335270-9a17-11e7-80da-3dca08795a23
[INFO  - 2017-09-15T13:14:04.560Z] ShutdownReqHand - _handle - About to shutdown
[INFO  - 2017-09-15T13:16:36.098Z] GhostDriver - Main - running on port 10546
[INFO  - 2017-09-15T13:16:36.805Z] Session [1a3a4b10-9a18-11e7-917e-3b9b6f1e9c8e] - page.settings - {"XSSAuditingEnabled":false,"javascriptCanCloseWindows":true,"javascriptCanOpenWindows":true,"javascriptEnabled":true,"loadImages":true,"localToRemoteUrlAccessEnabled":false,"userAgent":"Mozilla/5.0 (Windows NT 6.2; WOW64) AppleWebKit/538.1 (KHTML, like Gecko) PhantomJS/2.1.1 Safari/538.1","webSecurityEnabled":false}
[INFO  - 2017-09-15T13:16:36.806Z] Session [1a3a4b10-9a18-11e7-917e-3b9b6f1e9c8e] - page.customHeaders:  - {}
[INFO  - 2017-09-15T13:16:36.806Z] Session [1a3a4b10-9a18-11e7-917e-3b9b6f1e9c8e] - Session.negotiatedCapabilities - {"browserName":"phantomjs","version":"2.1.1","driverName":"ghostdriver","driverVersion":"1.2.0","platform":"windows-10-32bit","javascriptEnabled":true,"takesScreenshot":true,"handlesAlerts":false,"databaseEnabled":false,"locationContextEnabled":false,"applicationCacheEnabled":false,"browserConnectionEnabled":false,"cssSelectorsEnabled":true,"webStorageEnabled":false,"rotatable":false,"acceptSslCerts":false,"nativeEvents":true,"proxy":{"proxyType":"direct"}}
[INFO  - 2017-09-15T13:16:36.806Z] SessionManagerReqHand - _postNewSessionCommand - New Session Created: 1a3a4b10-9a18-11e7-917e-3b9b6f1e9c8e
[INFO  - 2017-09-15T13:17:27.246Z] ShutdownReqHand - _handle - About to shutdown
[INFO  - 2017-09-15T13:20:39.550Z] GhostDriver - Main - running on port 25260
[INFO  - 2017-09-15T13:20:40.266Z] Session [ab577e60-9a18-11e7-adf7-2fc2aa2b534b] - page.settings - {"XSSAuditingEnabled":false,"javascriptCanCloseWindows":true,"javascriptCanOpenWindows":true,"javascriptEnabled":true,"loadImages":true,"localToRemoteUrlAccessEnabled":false,"userAgent":"Mozilla/5.0 (Windows NT 6.2; WOW64) AppleWebKit/538.1 (KHTML, like Gecko) PhantomJS/2.1.1 Safari/538.1","webSecurityEnabled":false}
[INFO  - 2017-09-15T13:20:40.266Z] Session [ab577e60-9a18-11e7-adf7-2fc2aa2b534b] - page.customHeaders:  - {}
[INFO  - 2017-09-15T13:20:40.266Z] Session [ab577e60-9a18-11e7-adf7-2fc2aa2b534b] - Session.negotiatedCapabilities - {"browserName":"phantomjs","version":"2.1.1","driverName":"ghostdriver","driverVersion":"1.2.0","platform":"windows-10-32bit","javascriptEnabled":true,"takesScreenshot":true,"handlesAlerts":false,"databaseEnabled":false,"locationContextEnabled":false,"applicationCacheEnabled":false,"browserConnectionEnabled":false,"cssSelectorsEnabled":true,"webStorageEnabled":false,"rotatable":false,"acceptSslCerts":false,"nativeEvents":true,"proxy":{"proxyType":"direct"}}
[INFO  - 2017-09-15T13:20:40.267Z] SessionManagerReqHand - _postNewSessionCommand - New Session Created: ab577e60-9a18-11e7-adf7-2fc2aa2b534b
[INFO  - 2017-09-15T13:21:31.005Z] ShutdownReqHand - _handle - About to shutdown
[INFO  - 2017-10-17T13:06:04.483Z] GhostDriver - Main - running on port 11180
[INFO  - 2017-10-17T13:06:04.828Z] Session [eec24180-b33b-11e7-8ef5-019d3df73335] - page.settings - {"XSSAuditingEnabled":false,"javascriptCanCloseWindows":true,"javascriptCanOpenWindows":true,"javascriptEnabled":true,"loadImages":true,"localToRemoteUrlAccessEnabled":false,"userAgent":"Mozilla/5.0 (Windows NT 6.2; WOW64) AppleWebKit/538.1 (KHTML, like Gecko) PhantomJS/2.1.1 Safari/538.1","webSecurityEnabled":false}
[INFO  - 2017-10-17T13:06:04.828Z] Session [eec24180-b33b-11e7-8ef5-019d3df73335] - page.customHeaders:  - {}
[INFO  - 2017-10-17T13:06:04.828Z] Session [eec24180-b33b-11e7-8ef5-019d3df73335] - Session.negotiatedCapabilities - {"browserName":"phantomjs","version":"2.1.1","driverName":"ghostdriver","driverVersion":"1.2.0","platform":"windows-10-32bit","javascriptEnabled":true,"takesScreenshot":true,"handlesAlerts":false,"databaseEnabled":false,"locationContextEnabled":false,"applicationCacheEnabled":false,"browserConnectionEnabled":false,"cssSelectorsEnabled":true,"webStorageEnabled":false,"rotatable":false,"acceptSslCerts":false,"nativeEvents":true,"proxy":{"proxyType":"direct"}}
[INFO  - 2017-10-17T13:06:04.829Z] SessionManagerReqHand - _postNewSessionCommand - New Session Created: eec24180-b33b-11e7-8ef5-019d3df73335
[ERROR - 2017-10-17T13:07:09.081Z] WebElementLocator - _handleLocateCommand - Element(s) NOT Found: GAVE UP. Search Stop Time: 1508245629059
[ERROR - 2017-10-17T13:08:13.447Z] WebElementLocator - _handleLocateCommand - Element(s) NOT Found: GAVE UP. Search Stop Time: 1508245693421
[INFO  - 2017-10-17T13:08:13.796Z] ShutdownReqHand - _handle - About to shutdown
[INFO  - 2017-10-17T13:09:48.795Z] GhostDriver - Main - running on port 42928
[INFO  - 2017-10-17T13:09:49.444Z] Session [74a3f000-b33c-11e7-b87f-5bf3e0aa182a] - page.settings - {"XSSAuditingEnabled":false,"javascriptCanCloseWindows":true,"javascriptCanOpenWindows":true,"javascriptEnabled":true,"loadImages":true,"localToRemoteUrlAccessEnabled":false,"userAgent":"Mozilla/5.0 (Windows NT 6.2; WOW64) AppleWebKit/538.1 (KHTML, like Gecko) PhantomJS/2.1.1 Safari/538.1","webSecurityEnabled":false}
[INFO  - 2017-10-17T13:09:49.444Z] Session [74a3f000-b33c-11e7-b87f-5bf3e0aa182a] - page.customHeaders:  - {}
[INFO  - 2017-10-17T13:09:49.445Z] Session [74a3f000-b33c-11e7-b87f-5bf3e0aa182a] - Session.negotiatedCapabilities - {"browserName":"phantomjs","version":"2.1.1","driverName":"ghostdriver","driverVersion":"1.2.0","platform":"windows-10-32bit","javascriptEnabled":true,"takesScreenshot":true,"handlesAlerts":false,"databaseEnabled":false,"locationContextEnabled":false,"applicationCacheEnabled":false,"browserConnectionEnabled":false,"cssSelectorsEnabled":true,"webStorageEnabled":false,"rotatable":false,"acceptSslCerts":false,"nativeEvents":true,"proxy":{"proxyType":"direct"}}
[INFO  - 2017-10-17T13:09:49.445Z] SessionManagerReqHand - _postNewSessionCommand - New Session Created: 74a3f000-b33c-11e7-b87f-5bf3e0aa182a
[ERROR - 2017-10-17T13:10:53.564Z] WebElementLocator - _handleLocateCommand - Element(s) NOT Found: GAVE UP. Search Stop Time: 1508245853546
[INFO  - 2017-10-17T13:10:53.913Z] ShutdownReqHand - _handle - About to shutdown
[INFO  - 2017-10-17T13:11:54.986Z] GhostDriver - Main - running on port 9870
[INFO  - 2017-10-17T13:11:55.159Z] Session [bf925f20-b33c-11e7-a8d7-4986ab9e0371] - page.settings - {"XSSAuditingEnabled":false,"javascriptCanCloseWindows":true,"javascriptCanOpenWindows":true,"javascriptEnabled":true,"loadImages":true,"localToRemoteUrlAccessEnabled":false,"userAgent":"Mozilla/5.0 (Windows NT 6.2; WOW64) AppleWebKit/538.1 (KHTML, like Gecko) PhantomJS/2.1.1 Safari/538.1","webSecurityEnabled":false}
[INFO  - 2017-10-17T13:11:55.159Z] Session [bf925f20-b33c-11e7-a8d7-4986ab9e0371] - page.customHeaders:  - {}
[INFO  - 2017-10-17T13:11:55.159Z] Session [bf925f20-b33c-11e7-a8d7-4986ab9e0371] - Session.negotiatedCapabilities - {"browserName":"phantomjs","version":"2.1.1","driverName":"ghostdriver","driverVersion":"1.2.0","platform":"windows-10-32bit","javascriptEnabled":true,"takesScreenshot":true,"handlesAlerts":false,"databaseEnabled":false,"locationContextEnabled":false,"applicationCacheEnabled":false,"browserConnectionEnabled":false,"cssSelectorsEnabled":true,"webStorageEnabled":false,"rotatable":false,"acceptSslCerts":false,"nativeEvents":true,"proxy":{"proxyType":"direct"}}
[INFO  - 2017-10-17T13:11:55.159Z] SessionManagerReqHand - _postNewSessionCommand - New Session Created: bf925f20-b33c-11e7-a8d7-4986ab9e0371
[ERROR - 2017-10-17T13:12:59.377Z] WebElementLocator - _handleLocateCommand - Element(s) NOT Found: GAVE UP. Search Stop Time: 1508245979364
[INFO  - 2017-10-17T13:12:59.684Z] ShutdownReqHand - _handle - About to shutdown
[INFO  - 2017-10-19T09:31:25.997Z] GhostDriver - Main - running on port 15558
[INFO  - 2017-10-19T09:31:26.533Z] Session [4785bc00-b4b0-11e7-900f-d5c62c4f8780] - page.settings - {"XSSAuditingEnabled":false,"javascriptCanCloseWindows":true,"javascriptCanOpenWindows":true,"javascriptEnabled":true,"loadImages":true,"localToRemoteUrlAccessEnabled":false,"userAgent":"Mozilla/5.0 (Windows NT 6.2; WOW64) AppleWebKit/538.1 (KHTML, like Gecko) PhantomJS/2.1.1 Safari/538.1","webSecurityEnabled":false}
[INFO  - 2017-10-19T09:31:26.533Z] Session [4785bc00-b4b0-11e7-900f-d5c62c4f8780] - page.customHeaders:  - {}
[INFO  - 2017-10-19T09:31:26.533Z] Session [4785bc00-b4b0-11e7-900f-d5c62c4f8780] - Session.negotiatedCapabilities - {"browserName":"phantomjs","version":"2.1.1","driverName":"ghostdriver","driverVersion":"1.2.0","platform":"windows-10-32bit","javascriptEnabled":true,"takesScreenshot":true,"handlesAlerts":false,"databaseEnabled":false,"locationContextEnabled":false,"applicationCacheEnabled":false,"browserConnectionEnabled":false,"cssSelectorsEnabled":true,"webStorageEnabled":false,"rotatable":false,"acceptSslCerts":false,"nativeEvents":true,"proxy":{"proxyType":"direct"}}
[INFO  - 2017-10-19T09:31:26.533Z] SessionManagerReqHand - _postNewSessionCommand - New Session Created: 4785bc00-b4b0-11e7-900f-d5c62c4f8780
[INFO  - 2017-10-19T09:31:47.548Z] ShutdownReqHand - _handle - About to shutdown
[INFO  - 2017-10-19T10:38:29.163Z] GhostDriver - Main - running on port 34892
[INFO  - 2017-10-19T10:38:29.548Z] Session [a56d1b70-b4b9-11e7-915f-2f18cc21cc49] - page.settings - {"XSSAuditingEnabled":false,"javascriptCanCloseWindows":true,"javascriptCanOpenWindows":true,"javascriptEnabled":true,"loadImages":true,"localToRemoteUrlAccessEnabled":false,"userAgent":"Mozilla/5.0 (Windows NT 6.2; WOW64) AppleWebKit/538.1 (KHTML, like Gecko) PhantomJS/2.1.1 Safari/538.1","webSecurityEnabled":false}
[INFO  - 2017-10-19T10:38:29.548Z] Session [a56d1b70-b4b9-11e7-915f-2f18cc21cc49] - page.customHeaders:  - {}
[INFO  - 2017-10-19T10:38:29.548Z] Session [a56d1b70-b4b9-11e7-915f-2f18cc21cc49] - Session.negotiatedCapabilities - {"browserName":"phantomjs","version":"2.1.1","driverName":"ghostdriver","driverVersion":"1.2.0","platform":"windows-10-32bit","javascriptEnabled":true,"takesScreenshot":true,"handlesAlerts":false,"databaseEnabled":false,"locationContextEnabled":false,"applicationCacheEnabled":false,"browserConnectionEnabled":false,"cssSelectorsEnabled":true,"webStorageEnabled":false,"rotatable":false,"acceptSslCerts":false,"nativeEvents":true,"proxy":{"proxyType":"direct"}}
[INFO  - 2017-10-19T10:38:29.548Z] SessionManagerReqHand - _postNewSessionCommand - New Session Created: a56d1b70-b4b9-11e7-915f-2f18cc21cc49
[INFO  - 2017-10-19T10:38:48.413Z] ShutdownReqHand - _handle - About to shutdown
